1561618795033	mozrunner::runner	INFO	Running command: "/usr/bin/firefox" "-marionette" "-foreground" "-no-remote" "-profile" "/tmp/rust_mozprofile.YQ67hcU55aWl"
JavaScript error: jar:file:///usr/lib/firefox/omni.ja!/components/addonsInfo.js, line 91: SyntaxError: "0"-prefixed octal literals and octal escape sequences are deprecated; for octal literals use the "0o" prefix instead
1561618831382	Marionette	INFO	Listening on port 36695
1561618832796	Marionette	WARN	TLS certificate errors will be ignored for this session
1561620883745	mozrunner::runner	INFO	Running command: "/usr/bin/firefox" "-marionette" "-foreground" "-no-remote" "-profile" "/tmp/rust_mozprofile.JwhmDgDNV1p6"
JavaScript error: jar:file:///usr/lib/firefox/omni.ja!/components/addonsInfo.js, line 91: SyntaxError: "0"-prefixed octal literals and octal escape sequences are deprecated; for octal literals use the "0o" prefix instead
console.error: "Could not write session state file " (new Error("_initWorker called too early! Please read the session file from disk first.", "resource:///modules/sessionstore/SessionFile.jsm", 337)) "_initWorker/<@resource:///modules/sessionstore/SessionFile.jsm:337:15\n_initWorker@resource:///modules/sessionstore/SessionFile.jsm:330:12\n_postToWorker@resource:///modules/sessionstore/SessionFile.jsm:354:11\nwrite@resource:///modules/sessionstore/SessionFile.jsm:394:19\nwrite@resource:///modules/sessionstore/SessionFile.jsm:66:12\n_writeState@resource:///modules/sessionstore/SessionSaver.jsm:357:12\n_saveState@resource:///modules/sessionstore/SessionSaver.jsm:295:12\n_saveStateAsync@resource:///modules/sessionstore/SessionSaver.jsm:341:5\nsaveStateAsyncWhenIdle@resource:///modules/sessionstore/SessionSaver.jsm:192:9\n"
1561620901810	Marionette	INFO	Listening on port 43797
1561620901857	Marionette	WARN	TLS certificate errors will be ignored for this session
1561621545450	mozrunner::runner	INFO	Running command: "/usr/bin/firefox" "-marionette" "-foreground" "-no-remote" "-profile" "/tmp/rust_mozprofile.bwvgKFdKhlTb"
JavaScript error: jar:file:///usr/lib/firefox/omni.ja!/components/addonsInfo.js, line 91: SyntaxError: "0"-prefixed octal literals and octal escape sequences are deprecated; for octal literals use the "0o" prefix instead
1561621551141	Marionette	INFO	Listening on port 40149
1561621551182	Marionette	WARN	TLS certificate errors will be ignored for this session
[GFX1-]: Receive IPC close with reason=AbnormalShutdown
[Child 30617, Chrome_ChildThread] WARNING: pipe error (3): 连接被对方重设: file /build/firefox-cwOTsv/firefox-60.0.1/ipc/chromium/src/chrome/common/ipc_channel_posix.cc, line 353
[Child 30577, Chrome_ChildThread] WARNING: pipe error (3): 连接被对方重设: file /build/firefox-cwOTsv/firefox-60.0.1/ipc/chromium/src/chrome/common/ipc_channel_posix.cc, line 353

###!!! [Child][MessageChannel] Error: (msgtype=0x4D0002,name=PLayerTransaction::Msg_Update) Channel error: cannot send/recv

1561621708299	mozrunner::runner	INFO	Running command: "/usr/bin/firefox" "-marionette" "-foreground" "-no-remote" "-profile" "/tmp/rust_mozprofile.AkE5VPYwTnMf"
JavaScript error: jar:file:///usr/lib/firefox/omni.ja!/components/addonsInfo.js, line 91: SyntaxError: "0"-prefixed octal literals and octal escape sequences are deprecated; for octal literals use the "0o" prefix instead
1561621714437	Marionette	INFO	Listening on port 39345
1561621714536	Marionette	WARN	TLS certificate errors will be ignored for this session
[Child 30875, Chrome_ChildThread] WARNING: pipe error (19): 连接被对方重设: file /build/firefox-cwOTsv/firefox-60.0.1/ipc/chromium/src/chrome/common/ipc_channel_posix.cc, line 353
[Child 30875, Chrome_ChildThread] WARNING: pipe error (3): 连接被对方重设: file /build/firefox-cwOTsv/firefox-60.0.1/ipc/chromium/src/chrome/common/ipc_channel_posix.cc, line 353
